PLINK v1.90b4.6 64-bit (15 Aug 2017)
Options in effect:
  --adjust
  --file clean_ukb_chrX_RA
  --model-dom
  --mperm 1000
  --out ../../output/8_statistical_analysis/dom_ukb_chrX_RA

Hostname: sdx22
Working directory: /data/WHRI-JDalliLab/Esteban/UKBiobank/RA_biobank/input/8_statistical_analysis
Start time: Tue Jul 14 18:25:40 2020

Note: --model-dom flag deprecated.  Use '--model dom'.
Note: --mperm flag deprecated.  Use e.g. '--model mperm=[value]'.
Random number seed: 1594747540
386451 MB RAM detected; reserving 193225 MB for main workspace.
Scanning .ped file...
Possibly irregular .ped line.  Restarting scan, assuming multichar alleles.
.ped scan complete (for binary autoconversion).
Performing single-pass .bed write (15033 variants, 207025 people).
--file: ../../output/8_statistical_analysis/dom_ukb_chrX_RA-temporary.bed +
../../output/8_statistical_analysis/dom_ukb_chrX_RA-temporary.bim +
../../output/8_statistical_analysis/dom_ukb_chrX_RA-temporary.fam written.
15033 variants loaded from .bim file.
207025 people (87614 males, 119411 females) loaded from .fam.
207025 phenotype values loaded from .fam.
Using up to 35 threads (change this with --threads).
Before main variant filters, 207025 founders and 0 nonfounders present.
Calculating allele frequencies... done.
Total genotyping rate is 0.994733.
15033 variants and 207025 people pass filters and QC.
Among remaining phenotypes, 4120 are cases and 202905 are controls.
Writing --model report to
../../output/8_statistical_analysis/dom_ukb_chrX_RA.model ...
done.
--adjust values (10773 variants) written to
../../output/8_statistical_analysis/dom_ukb_chrX_RA.model.dom.adjusted .
1000 max(T) permutations complete.
Permutation test report written to
../../output/8_statistical_analysis/dom_ukb_chrX_RA.model.dom.mperm .

End time: Tue Jul 14 18:30:22 2020
