PLINK v1.90b4.6 64-bit (15 Aug 2017)
Options in effect:
  --adjust
  --chr 1
  --covar clean_cov_chr1_LGR6_RA.tab keep-pheno-on-missing-cov
  --file clean_ukb_chr1_LGR6_RA
  --freq counts
  --from-kb 201663
  --logistic hethom sex hide-covar
  --out ../../output/8_statistical_analysis/RA_vs_Control/1_all/LGR6/log_chr1_LGR6_RA_hethom
  --to-kb 202789

Hostname: emf6
Working directory: /data/WHRI-JDalliLab/Esteban/UKBiobank/RA_biobank/input/8_statistical_analysis
Start time: Wed Feb 23 17:35:25 2022

Random number seed: 1645637725
773818 MB RAM detected; reserving 386909 MB for main workspace.
Scanning .ped file...
Possibly irregular .ped line.  Restarting scan, assuming multichar alleles.
.ped scan complete (for binary autoconversion).
Performing single-pass .bed write (44263 variants, 207026 people).
--file:
../../output/8_statistical_analysis/RA_vs_Control/1_all/LGR6/log_chr1_LGR6_RA_hethom-temporary.bed
+
../../output/8_statistical_analysis/RA_vs_Control/1_all/LGR6/log_chr1_LGR6_RA_hethom-temporary.bim
+
../../output/8_statistical_analysis/RA_vs_Control/1_all/LGR6/log_chr1_LGR6_RA_hethom-temporary.fam
written.
224 out of 44263 variants loaded from .bim file.
207026 people (87615 males, 119411 females) loaded from .fam.
207026 phenotype values loaded from .fam.
Using 1 thread (no multithreaded calculations invoked).
--covar: 43 covariates loaded.
1558 people had missing value(s), and 1 person was not seen in the covariate file.
Before main variant filters, 207026 founders and 0 nonfounders present.
Calculating allele frequencies... done.
Total genotyping rate is 0.995905.
--freq counts: Allele frequencies (founders only) written to
../../output/8_statistical_analysis/RA_vs_Control/1_all/LGR6/log_chr1_LGR6_RA_hethom.frq.counts
.
224 variants and 207026 people pass filters and QC.
Among remaining phenotypes, 4121 are cases and 202905 are controls.
Writing logistic model association results to
../../output/8_statistical_analysis/RA_vs_Control/1_all/LGR6/log_chr1_LGR6_RA_hethom.assoc.logistic
... done.
--adjust values (208 variants) written to
../../output/8_statistical_analysis/RA_vs_Control/1_all/LGR6/log_chr1_LGR6_RA_hethom.assoc.logistic.adjusted
.

End time: Wed Feb 23 17:54:23 2022
