PLINK v1.90b4.6 64-bit (15 Aug 2017)
Options in effect:
  --adjust
  --chr 1
  --covar clean_cov_chr1_mGST3_RA.tab keep-pheno-on-missing-cov
  --file clean_ukb_chr1_mGST3_RA
  --freq counts
  --from-kb 165100
  --logistic dominant sex hide-covar
  --out ../../output/8_statistical_analysis/RA_vs_Control/1_all/mGST3/log_chr1_mGST3_RA_dom
  --to-kb 166131

Hostname: emf9
Working directory: /data/WHRI-JDalliLab/Esteban/UKBiobank/RA_biobank/input/8_statistical_analysis
Start time: Wed Feb 23 17:08:16 2022

Random number seed: 1645636096
773818 MB RAM detected; reserving 386909 MB for main workspace.
Scanning .ped file...
Possibly irregular .ped line.  Restarting scan, assuming multichar alleles.
.ped scan complete (for binary autoconversion).
Performing single-pass .bed write (44263 variants, 207026 people).
--file:
../../output/8_statistical_analysis/RA_vs_Control/1_all/mGST3/log_chr1_mGST3_RA_dom-temporary.bed
+
../../output/8_statistical_analysis/RA_vs_Control/1_all/mGST3/log_chr1_mGST3_RA_dom-temporary.bim
+
../../output/8_statistical_analysis/RA_vs_Control/1_all/mGST3/log_chr1_mGST3_RA_dom-temporary.fam
written.
249 out of 44263 variants loaded from .bim file.
207026 people (87615 males, 119411 females) loaded from .fam.
207026 phenotype values loaded from .fam.
Using 1 thread (no multithreaded calculations invoked).
--covar: 43 covariates loaded.
1558 people had missing value(s), and 1 person was not seen in the covariate file.
Before main variant filters, 207026 founders and 0 nonfounders present.
Calculating allele frequencies... done.
Total genotyping rate is 0.994937.
--freq counts: Allele frequencies (founders only) written to
../../output/8_statistical_analysis/RA_vs_Control/1_all/mGST3/log_chr1_mGST3_RA_dom.frq.counts
.
249 variants and 207026 people pass filters and QC.
Among remaining phenotypes, 4121 are cases and 202905 are controls.
Writing logistic model association results to
../../output/8_statistical_analysis/RA_vs_Control/1_all/mGST3/log_chr1_mGST3_RA_dom.assoc.logistic
... done.
--adjust: Genomic inflation est. lambda (based on median chisq) = 1.176.
--adjust values (249 variants) written to
../../output/8_statistical_analysis/RA_vs_Control/1_all/mGST3/log_chr1_mGST3_RA_dom.assoc.logistic.adjusted
.

End time: Wed Feb 23 17:26:17 2022
