PLINK v1.90b4.6 64-bit (15 Aug 2017)
Options in effect:
  --adjust
  --file clean_ukb_chr1_RA
  --model-dom
  --mperm 1000
  --out ../../output/8_statistical_analysis/RA_vs_Control/chr1/dom_ukb_chr1_RA

Hostname: sdx40
Working directory: /data/WHRI-JDalliLab/Esteban/UKBiobank/RA_biobank/input/8_statistical_analysis
Start time: Thu Jul 16 16:35:23 2020

Note: --model-dom flag deprecated.  Use '--model dom'.
Note: --mperm flag deprecated.  Use e.g. '--model mperm=[value]'.
Random number seed: 1594913723
386451 MB RAM detected; reserving 193225 MB for main workspace.
Scanning .ped file...
Possibly irregular .ped line.  Restarting scan, assuming multichar alleles.
.ped scan complete (for binary autoconversion).
Performing single-pass .bed write (45146 variants, 207026 people).
--file:
../../output/8_statistical_analysis/RA_vs_Control/chr1/dom_ukb_chr1_RA-temporary.bed
+
../../output/8_statistical_analysis/RA_vs_Control/chr1/dom_ukb_chr1_RA-temporary.bim
+
../../output/8_statistical_analysis/RA_vs_Control/chr1/dom_ukb_chr1_RA-temporary.fam
written.
45146 variants loaded from .bim file.
207026 people (87615 males, 119411 females) loaded from .fam.
207026 phenotype values loaded from .fam.
Using up to 35 threads (change this with --threads).
Before main variant filters, 207026 founders and 0 nonfounders present.
Calculating allele frequencies... done.
Total genotyping rate is 0.994586.
45146 variants and 207026 people pass filters and QC.
Among remaining phenotypes, 4121 are cases and 202905 are controls.
Writing --model report to
../../output/8_statistical_analysis/RA_vs_Control/chr1/dom_ukb_chr1_RA.model
... done.
--adjust values (31973 variants) written to
../../output/8_statistical_analysis/RA_vs_Control/chr1/dom_ukb_chr1_RA.model.dom.adjusted
.
1000 max(T) permutations complete.
Permutation test report written to
../../output/8_statistical_analysis/RA_vs_Control/chr1/dom_ukb_chr1_RA.model.dom.mperm
.

End time: Thu Jul 16 16:49:08 2020
