PLINK v1.90b4.6 64-bit (15 Aug 2017)
Options in effect:
  --adjust
  --assoc
  --file clean_ukb_chr17_RA
  --mperm 1000
  --out ../../output/8_statistical_analysis/chisq_ukb_chr17_RA

Hostname: sdx22
Working directory: /data/WHRI-JDalliLab/Esteban/UKBiobank/RA_biobank/input/8_statistical_analysis
Start time: Tue Jul 14 16:26:45 2020

Note: --mperm flag deprecated.  Use e.g. '--model mperm=[value]'.
Random number seed: 1594740405
386451 MB RAM detected; reserving 193225 MB for main workspace.
Scanning .ped file...
Possibly irregular .ped line.  Restarting scan, assuming multichar alleles.
.ped scan complete (for binary autoconversion).
Performing single-pass .bed write (18662 variants, 207027 people).
--file: ../../output/8_statistical_analysis/chisq_ukb_chr17_RA-temporary.bed +
../../output/8_statistical_analysis/chisq_ukb_chr17_RA-temporary.bim +
../../output/8_statistical_analysis/chisq_ukb_chr17_RA-temporary.fam written.
18662 variants loaded from .bim file.
207027 people (87615 males, 119412 females) loaded from .fam.
207027 phenotype values loaded from .fam.
Using up to 35 threads (change this with --threads).
Before main variant filters, 207027 founders and 0 nonfounders present.
Calculating allele frequencies... done.
Total genotyping rate is 0.994633.
18662 variants and 207027 people pass filters and QC.
Among remaining phenotypes, 4121 are cases and 202906 are controls.
Writing C/C --assoc report to
../../output/8_statistical_analysis/chisq_ukb_chr17_RA.assoc ...
done.
--adjust: Genomic inflation est. lambda (based on median chisq) = 1.08983.
--adjust values (18662 variants) written to
../../output/8_statistical_analysis/chisq_ukb_chr17_RA.assoc.adjusted .
1000 max(T) permutations complete.
Permutation test report written to
../../output/8_statistical_analysis/chisq_ukb_chr17_RA.assoc.mperm .

End time: Tue Jul 14 16:33:04 2020
