PLINK v1.90b4.6 64-bit (15 Aug 2017)
Options in effect:
  --adjust
  --chr X
  --covar clean_cov_chrX_CYSLTR1_RA.tab keep-pheno-on-missing-cov
  --file clean_ukb_chrX_CYSLTR1_RA
  --freq counts
  --from-kb 77027
  --logistic sex hide-covar
  --out ../../output/8_statistical_analysis/RA_vs_Control/X_all/CYSLTR1/log_chrX_CYSLTR1_RA
  --to-kb 78083

Hostname: emf2
Working directory: /data/WHRI-JDalliLab/Esteban/UKBiobank/RA_biobank/input/8_statistical_analysis
Start time: Wed Feb 23 17:08:57 2022

Random number seed: 1645636137
773818 MB RAM detected; reserving 386909 MB for main workspace.
Scanning .ped file...
Possibly irregular .ped line.  Restarting scan, assuming multichar alleles.
.ped scan complete (for binary autoconversion).
Performing single-pass .bed write (14673 variants, 207025 people).
--file:
../../output/8_statistical_analysis/RA_vs_Control/X_all/CYSLTR1/log_chrX_CYSLTR1_RA-temporary.bed
+
../../output/8_statistical_analysis/RA_vs_Control/X_all/CYSLTR1/log_chrX_CYSLTR1_RA-temporary.bim
+
../../output/8_statistical_analysis/RA_vs_Control/X_all/CYSLTR1/log_chrX_CYSLTR1_RA-temporary.fam
written.
51 out of 14673 variants loaded from .bim file.
207025 people (87614 males, 119411 females) loaded from .fam.
207025 phenotype values loaded from .fam.
Using 1 thread (no multithreaded calculations invoked).
--covar: 43 covariates loaded.
1558 people had missing value(s), and 1 person was not seen in the covariate file.
Before main variant filters, 207025 founders and 0 nonfounders present.
Calculating allele frequencies... done.
Total genotyping rate is 0.990784.
--freq counts: Allele frequencies (founders only) written to
../../output/8_statistical_analysis/RA_vs_Control/X_all/CYSLTR1/log_chrX_CYSLTR1_RA.frq.counts
.
51 variants and 207025 people pass filters and QC.
Among remaining phenotypes, 4120 are cases and 202905 are controls.
Writing logistic model association results to
../../output/8_statistical_analysis/RA_vs_Control/X_all/CYSLTR1/log_chrX_CYSLTR1_RA.assoc.logistic
... done.
--adjust: Genomic inflation est. lambda (based on median chisq) = 1.
--adjust values (50 variants) written to
../../output/8_statistical_analysis/RA_vs_Control/X_all/CYSLTR1/log_chrX_CYSLTR1_RA.assoc.logistic.adjusted
.

End time: Wed Feb 23 17:14:30 2022
