PLINK v1.90b4.6 64-bit (15 Aug 2017)
Options in effect:
  --adjust
  --chr 13
  --covar clean_cov_chr13_GPR99_RA.tab keep-pheno-on-missing-cov
  --file clean_ukb_chr13_GPR99_RA
  --freq counts
  --from-kb 97138
  --logistic dominant sex hide-covar
  --out ../../output/8_statistical_analysis/RA_vs_Control/13_all/GPR99/log_chr13_GPR99_RA_dom
  --to-kb 98147

Hostname: emf1
Working directory: /data/WHRI-JDalliLab/Esteban/UKBiobank/RA_biobank/input/8_statistical_analysis
Start time: Wed Feb 23 13:29:43 2022

Random number seed: 1645622983
773818 MB RAM detected; reserving 386909 MB for main workspace.
Scanning .ped file...
Possibly irregular .ped line.  Restarting scan, assuming multichar alleles.
.ped scan complete (for binary autoconversion).
Performing single-pass .bed write (19445 variants, 207026 people).
--file:
../../output/8_statistical_analysis/RA_vs_Control/13_all/GPR99/log_chr13_GPR99_RA_dom-temporary.bed
+
../../output/8_statistical_analysis/RA_vs_Control/13_all/GPR99/log_chr13_GPR99_RA_dom-temporary.bim
+
../../output/8_statistical_analysis/RA_vs_Control/13_all/GPR99/log_chr13_GPR99_RA_dom-temporary.fam
written.
150 out of 19445 variants loaded from .bim file.
207026 people (87615 males, 119411 females) loaded from .fam.
207026 phenotype values loaded from .fam.
Using 1 thread (no multithreaded calculations invoked).
--covar: 43 covariates loaded.
1558 people had missing value(s), and 1 person was not seen in the covariate file.
Before main variant filters, 207026 founders and 0 nonfounders present.
Calculating allele frequencies... done.
Total genotyping rate is 0.995174.
--freq counts: Allele frequencies (founders only) written to
../../output/8_statistical_analysis/RA_vs_Control/13_all/GPR99/log_chr13_GPR99_RA_dom.frq.counts
.
150 variants and 207026 people pass filters and QC.
Among remaining phenotypes, 4121 are cases and 202905 are controls.
Writing logistic model association results to
../../output/8_statistical_analysis/RA_vs_Control/13_all/GPR99/log_chr13_GPR99_RA_dom.assoc.logistic
... done.
--adjust: Genomic inflation est. lambda (based on median chisq) = 1.68019.
--adjust values (149 variants) written to
../../output/8_statistical_analysis/RA_vs_Control/13_all/GPR99/log_chr13_GPR99_RA_dom.assoc.logistic.adjusted
.

End time: Wed Feb 23 13:47:09 2022
