PLINK v1.90b4.6 64-bit (15 Aug 2017)
Options in effect:
  --adjust
  --file clean_ukb_chr16_RA
  --model-rec
  --mperm 1000
  --out ../../output/8_statistical_analysis/RA_vs_Control/chr16/rec_ukb_chr16_RA

Hostname: sdx52
Working directory: /data/WHRI-JDalliLab/Esteban/UKBiobank/RA_biobank/input/8_statistical_analysis
Start time: Fri Jul 17 13:01:36 2020

Note: --model-rec flag deprecated.  Use '--model rec'.
Note: --mperm flag deprecated.  Use e.g. '--model mperm=[value]'.
Random number seed: 1594987296
386451 MB RAM detected; reserving 193225 MB for main workspace.
Scanning .ped file...
Possibly irregular .ped line.  Restarting scan, assuming multichar alleles.
.ped scan complete (for binary autoconversion).
Performing single-pass .bed write (20095 variants, 207027 people).
--file:
../../output/8_statistical_analysis/RA_vs_Control/chr16/rec_ukb_chr16_RA-temporary.bed
+
../../output/8_statistical_analysis/RA_vs_Control/chr16/rec_ukb_chr16_RA-temporary.bim
+
../../output/8_statistical_analysis/RA_vs_Control/chr16/rec_ukb_chr16_RA-temporary.fam
written.
20095 variants loaded from .bim file.
207027 people (87615 males, 119412 females) loaded from .fam.
207027 phenotype values loaded from .fam.
Using up to 35 threads (change this with --threads).
Before main variant filters, 207027 founders and 0 nonfounders present.
Calculating allele frequencies... done.
Total genotyping rate is 0.994432.
20095 variants and 207027 people pass filters and QC.
Among remaining phenotypes, 4121 are cases and 202906 are controls.
Writing --model report to
../../output/8_statistical_analysis/RA_vs_Control/chr16/rec_ukb_chr16_RA.model
... done.
--adjust values (14778 variants) written to
../../output/8_statistical_analysis/RA_vs_Control/chr16/rec_ukb_chr16_RA.model.rec.adjusted
.
1000 max(T) permutations complete.
Permutation test report written to
../../output/8_statistical_analysis/RA_vs_Control/chr16/rec_ukb_chr16_RA.model.rec.mperm
.

End time: Fri Jul 17 13:07:52 2020
