PLINK v1.90b4.6 64-bit (15 Aug 2017)
Options in effect:
  --adjust
  --assoc
  --file clean_ukb_chr12_RA
  --mperm 1000
  --out ../../output/8_statistical_analysis/RA_vs_Control/chr12/chisq_ukb_chr12_RA

Hostname: sdx40
Working directory: /data/WHRI-JDalliLab/Esteban/UKBiobank/RA_biobank/input/8_statistical_analysis
Start time: Thu Jul 16 21:28:32 2020

Note: --mperm flag deprecated.  Use e.g. '--model mperm=[value]'.
Random number seed: 1594931312
386451 MB RAM detected; reserving 193225 MB for main workspace.
Scanning .ped file...
Possibly irregular .ped line.  Restarting scan, assuming multichar alleles.
.ped scan complete (for binary autoconversion).
Performing single-pass .bed write (27145 variants, 207026 people).
--file:
../../output/8_statistical_analysis/RA_vs_Control/chr12/chisq_ukb_chr12_RA-temporary.bed
+
../../output/8_statistical_analysis/RA_vs_Control/chr12/chisq_ukb_chr12_RA-temporary.bim
+
../../output/8_statistical_analysis/RA_vs_Control/chr12/chisq_ukb_chr12_RA-temporary.fam
written.
27145 variants loaded from .bim file.
207026 people (87615 males, 119411 females) loaded from .fam.
207026 phenotype values loaded from .fam.
Using up to 35 threads (change this with --threads).
Before main variant filters, 207026 founders and 0 nonfounders present.
Calculating allele frequencies... done.
Total genotyping rate is 0.994422.
27145 variants and 207026 people pass filters and QC.
Among remaining phenotypes, 4121 are cases and 202905 are controls.
Writing C/C --assoc report to
../../output/8_statistical_analysis/RA_vs_Control/chr12/chisq_ukb_chr12_RA.assoc
... done.
--adjust: Genomic inflation est. lambda (based on median chisq) = 1.03555.
--adjust values (27145 variants) written to
../../output/8_statistical_analysis/RA_vs_Control/chr12/chisq_ukb_chr12_RA.assoc.adjusted
.
1000 max(T) permutations complete.
Permutation test report written to
../../output/8_statistical_analysis/RA_vs_Control/chr12/chisq_ukb_chr12_RA.assoc.mperm
.

End time: Thu Jul 16 21:36:42 2020
