PLINK v1.90b4.6 64-bit (15 Aug 2017)
Options in effect:
  --adjust
  --chr 7
  --covar clean_cov_chr7_GPR37_RA.tab keep-pheno-on-missing-cov
  --file clean_ukb_chr7_GPR37_RA
  --freq counts
  --from-kb 123886
  --logistic recessive sex hide-covar
  --out ../../output/8_statistical_analysis/RA_vs_Control/7_all/GPR37/log_chr7_GPR37_RA_rec
  --to-kb 124906

Hostname: emf4
Working directory: /data/WHRI-JDalliLab/Esteban/UKBiobank/RA_biobank/input/8_statistical_analysis
Start time: Wed Feb 23 15:04:33 2022

Random number seed: 1645628673
773818 MB RAM detected; reserving 386909 MB for main workspace.
Scanning .ped file...
Possibly irregular .ped line.  Restarting scan, assuming multichar alleles.
.ped scan complete (for binary autoconversion).
Performing single-pass .bed write (30795 variants, 207026 people).
--file:
../../output/8_statistical_analysis/RA_vs_Control/7_all/GPR37/log_chr7_GPR37_RA_rec-temporary.bed
+
../../output/8_statistical_analysis/RA_vs_Control/7_all/GPR37/log_chr7_GPR37_RA_rec-temporary.bim
+
../../output/8_statistical_analysis/RA_vs_Control/7_all/GPR37/log_chr7_GPR37_RA_rec-temporary.fam
written.
130 out of 30795 variants loaded from .bim file.
207026 people (87615 males, 119411 females) loaded from .fam.
207026 phenotype values loaded from .fam.
Using 1 thread (no multithreaded calculations invoked).
--covar: 43 covariates loaded.
1558 people had missing value(s), and 1 person was not seen in the covariate file.
Before main variant filters, 207026 founders and 0 nonfounders present.
Calculating allele frequencies... done.
Total genotyping rate is 0.993531.
--freq counts: Allele frequencies (founders only) written to
../../output/8_statistical_analysis/RA_vs_Control/7_all/GPR37/log_chr7_GPR37_RA_rec.frq.counts
.
130 variants and 207026 people pass filters and QC.
Among remaining phenotypes, 4121 are cases and 202905 are controls.
Writing logistic model association results to
../../output/8_statistical_analysis/RA_vs_Control/7_all/GPR37/log_chr7_GPR37_RA_rec.assoc.logistic
... done.
--adjust: Genomic inflation est. lambda (based on median chisq) = 1.
--adjust values (111 variants) written to
../../output/8_statistical_analysis/RA_vs_Control/7_all/GPR37/log_chr7_GPR37_RA_rec.assoc.logistic.adjusted
.

End time: Wed Feb 23 15:17:25 2022
